1000	/proc/filesystems	2020-12-02	20:33:53	1	0		53392532c10f74cd8d9068be71219e2b
1000	/home/broly/Desktop/security_repo/security-systems-and-cryptography/Assignment_5/src/Userfiles/new_file_0	2020-12-02	20:33:53	0	0		d41d8cd98f00b204e9800998ecf8427e
1000	/home/broly/Desktop/security_repo/security-systems-and-cryptography/Assignment_5/src/Userfiles/new_file_0	2020-12-02	20:33:53	2	0		1355d3bfaeb5588e2cc9540e13d3aeef
1000	/home/broly/Desktop/security_repo/security-systems-and-cryptography/Assignment_5/src/Userfiles/new_file_1	2020-12-02	20:33:53	0	0		d41d8cd98f00b204e9800998ecf8427e
1000	/home/broly/Desktop/security_repo/security-systems-and-cryptography/Assignment_5/src/Userfiles/new_file_1	2020-12-02	20:33:53	2	0		1355d3bfaeb5588e2cc9540e13d3aeef
1000	/home/broly/Desktop/security_repo/security-systems-and-cryptography/Assignment_5/src/Userfiles/new_file_2	2020-12-02	20:33:53	0	0		d41d8cd98f00b204e9800998ecf8427e
1000	/home/broly/Desktop/security_repo/security-systems-and-cryptography/Assignment_5/src/Userfiles/new_file_2	2020-12-02	20:33:53	2	0		1355d3bfaeb5588e2cc9540e13d3aeef
1000	/home/broly/Desktop/security_repo/security-systems-and-cryptography/Assignment_5/src/Userfiles/new_file_3	2020-12-02	20:33:53	0	0		d41d8cd98f00b204e9800998ecf8427e
1000	/home/broly/Desktop/security_repo/security-systems-and-cryptography/Assignment_5/src/Userfiles/new_file_3	2020-12-02	20:33:53	2	0		1355d3bfaeb5588e2cc9540e13d3aeef
1000	/home/broly/Desktop/security_repo/security-systems-and-cryptography/Assignment_5/src/Userfiles/new_file_4	2020-12-02	20:33:53	0	0		d41d8cd98f00b204e9800998ecf8427e
1000	/home/broly/Desktop/security_repo/security-systems-and-cryptography/Assignment_5/src/Userfiles/new_file_4	2020-12-02	20:33:53	2	0		1355d3bfaeb5588e2cc9540e13d3aeef
1000	/home/broly/Desktop/security_repo/security-systems-and-cryptography/Assignment_5/src/Userfiles/new_file_5	2020-12-02	20:33:53	0	0		d41d8cd98f00b204e9800998ecf8427e
1000	/home/broly/Desktop/security_repo/security-systems-and-cryptography/Assignment_5/src/Userfiles/new_file_5	2020-12-02	20:33:53	2	0		1355d3bfaeb5588e2cc9540e13d3aeef
1000	/home/broly/Desktop/security_repo/security-systems-and-cryptography/Assignment_5/src/Userfiles/new_file_6	2020-12-02	20:33:53	0	0		d41d8cd98f00b204e9800998ecf8427e
1000	/home/broly/Desktop/security_repo/security-systems-and-cryptography/Assignment_5/src/Userfiles/new_file_6	2020-12-02	20:33:53	2	0		1355d3bfaeb5588e2cc9540e13d3aeef
1000	/home/broly/Desktop/security_repo/security-systems-and-cryptography/Assignment_5/src/Userfiles/new_file_7	2020-12-02	20:33:53	0	0		d41d8cd98f00b204e9800998ecf8427e
1000	/home/broly/Desktop/security_repo/security-systems-and-cryptography/Assignment_5/src/Userfiles/new_file_7	2020-12-02	20:33:53	2	0		1355d3bfaeb5588e2cc9540e13d3aeef
1000	/home/broly/Desktop/security_repo/security-systems-and-cryptography/Assignment_5/src/Userfiles/new_file_8	2020-12-02	20:33:53	0	0		d41d8cd98f00b204e9800998ecf8427e
1000	/home/broly/Desktop/security_repo/security-systems-and-cryptography/Assignment_5/src/Userfiles/new_file_8	2020-12-02	20:33:53	2	0		1355d3bfaeb5588e2cc9540e13d3aeef
1000	/home/broly/Desktop/security_repo/security-systems-and-cryptography/Assignment_5/src/Userfiles/new_file_9	2020-12-02	20:33:53	0	0		d41d8cd98f00b204e9800998ecf8427e
1000	/home/broly/Desktop/security_repo/security-systems-and-cryptography/Assignment_5/src/Userfiles/new_file_9	2020-12-02	20:33:53	2	0		1355d3bfaeb5588e2cc9540e13d3aeef
1000	/home/broly/anaconda3/ssl/openssl.cnf	2020-12-02	20:33:53	1	0		fb92a2dab53f11f4f5f22adc5257b553
1000	/home/broly/Desktop/security_repo/security-systems-and-cryptography/Assignment_5/src/Userfiles/new_file_0	2020-12-02	20:33:53	1	0		1355d3bfaeb5588e2cc9540e13d3aeef
1000	/home/broly/Desktop/security_repo/security-systems-and-cryptography/Assignment_5/src/encrypted/new_file_0.encrypt	2020-12-02	20:33:53	0	0		d41d8cd98f00b204e9800998ecf8427e
1000	/home/broly/Desktop/security_repo/security-systems-and-cryptography/Assignment_5/src/encrypted/new_file_0.encrypt	2020-12-02	20:33:53	2	0		6ff0100da6a0f8a99ad86006b642d4fb
1000	/home/broly/Desktop/security_repo/security-systems-and-cryptography/Assignment_5/src/encrypted/new_file_0.encrypt	2020-12-02	20:33:53	2	0		a9d2b87b3fb6cc9fba7e4e075e70beed
1000	/home/broly/Desktop/security_repo/security-systems-and-cryptography/Assignment_5/src/encrypted/new_file_0.encrypt	2020-12-02	20:33:53	2	0		eb8d44120d885fdd22b42e1af062e88f
1000	/home/broly/anaconda3/ssl/openssl.cnf	2020-12-02	20:33:53	1	0		fb92a2dab53f11f4f5f22adc5257b553
1000	/home/broly/Desktop/security_repo/security-systems-and-cryptography/Assignment_5/src/encrypted/new_file_0.encrypt	2020-12-02	20:33:53	1	0		eb8d44120d885fdd22b42e1af062e88f
1000	/home/broly/Desktop/security_repo/security-systems-and-cryptography/Assignment_5/src/decrypted/new_file_0	2020-12-02	20:33:53	0	0		d41d8cd98f00b204e9800998ecf8427e
1000	/home/broly/Desktop/security_repo/security-systems-and-cryptography/Assignment_5/src/decrypted/new_file_0	2020-12-02	20:33:53	2	0		1355d3bfaeb5588e2cc9540e13d3aeef
1000	/home/broly/anaconda3/ssl/openssl.cnf	2020-12-02	20:33:53	1	0		fb92a2dab53f11f4f5f22adc5257b553
1000	/home/broly/Desktop/security_repo/security-systems-and-cryptography/Assignment_5/src/Userfiles/new_file_1	2020-12-02	20:33:53	1	0		1355d3bfaeb5588e2cc9540e13d3aeef
1000	/home/broly/Desktop/security_repo/security-systems-and-cryptography/Assignment_5/src/encrypted/new_file_1.encrypt	2020-12-02	20:33:53	0	0		d41d8cd98f00b204e9800998ecf8427e
1000	/home/broly/Desktop/security_repo/security-systems-and-cryptography/Assignment_5/src/encrypted/new_file_1.encrypt	2020-12-02	20:33:53	2	0		6ff0100da6a0f8a99ad86006b642d4fb
1000	/home/broly/Desktop/security_repo/security-systems-and-cryptography/Assignment_5/src/encrypted/new_file_1.encrypt	2020-12-02	20:33:53	2	0		e84685458a1d6b2ffd8eff0ec71bb8e5
1000	/home/broly/Desktop/security_repo/security-systems-and-cryptography/Assignment_5/src/encrypted/new_file_1.encrypt	2020-12-02	20:33:53	2	0		243f49cfe4b244c6b18788c91895872e
1000	/home/broly/anaconda3/ssl/openssl.cnf	2020-12-02	20:33:53	1	0		fb92a2dab53f11f4f5f22adc5257b553
1000	/home/broly/Desktop/security_repo/security-systems-and-cryptography/Assignment_5/src/encrypted/new_file_1.encrypt	2020-12-02	20:33:53	1	0		243f49cfe4b244c6b18788c91895872e
1000	/home/broly/Desktop/security_repo/security-systems-and-cryptography/Assignment_5/src/decrypted/new_file_1	2020-12-02	20:33:53	0	0		d41d8cd98f00b204e9800998ecf8427e
1000	/home/broly/Desktop/security_repo/security-systems-and-cryptography/Assignment_5/src/decrypted/new_file_1	2020-12-02	20:33:53	2	0		1355d3bfaeb5588e2cc9540e13d3aeef
1000	/home/broly/anaconda3/ssl/openssl.cnf	2020-12-02	20:33:53	1	0		fb92a2dab53f11f4f5f22adc5257b553
1000	/home/broly/Desktop/security_repo/security-systems-and-cryptography/Assignment_5/src/Userfiles/new_file_2	2020-12-02	20:33:53	1	0		1355d3bfaeb5588e2cc9540e13d3aeef
1000	/home/broly/Desktop/security_repo/security-systems-and-cryptography/Assignment_5/src/encrypted/new_file_2.encrypt	2020-12-02	20:33:53	0	0		d41d8cd98f00b204e9800998ecf8427e
1000	/home/broly/Desktop/security_repo/security-systems-and-cryptography/Assignment_5/src/encrypted/new_file_2.encrypt	2020-12-02	20:33:53	2	0		6ff0100da6a0f8a99ad86006b642d4fb
1000	/home/broly/Desktop/security_repo/security-systems-and-cryptography/Assignment_5/src/encrypted/new_file_2.encrypt	2020-12-02	20:33:53	2	0		b92ce638d47c9a0241077e82755670a7
1000	/home/broly/Desktop/security_repo/security-systems-and-cryptography/Assignment_5/src/encrypted/new_file_2.encrypt	2020-12-02	20:33:53	2	0		c17abe68d59163d40850dae8b19de7c5
1000	/home/broly/anaconda3/ssl/openssl.cnf	2020-12-02	20:33:53	1	0		fb92a2dab53f11f4f5f22adc5257b553
1000	/home/broly/Desktop/security_repo/security-systems-and-cryptography/Assignment_5/src/encrypted/new_file_2.encrypt	2020-12-02	20:33:53	1	0		c17abe68d59163d40850dae8b19de7c5
1000	/home/broly/Desktop/security_repo/security-systems-and-cryptography/Assignment_5/src/decrypted/new_file_2	2020-12-02	20:33:53	0	0		d41d8cd98f00b204e9800998ecf8427e
1000	/home/broly/Desktop/security_repo/security-systems-and-cryptography/Assignment_5/src/decrypted/new_file_2	2020-12-02	20:33:53	2	0		1355d3bfaeb5588e2cc9540e13d3aeef
1000	/home/broly/anaconda3/ssl/openssl.cnf	2020-12-02	20:33:53	1	0		fb92a2dab53f11f4f5f22adc5257b553
1000	/home/broly/Desktop/security_repo/security-systems-and-cryptography/Assignment_5/src/Userfiles/new_file_3	2020-12-02	20:33:53	1	0		1355d3bfaeb5588e2cc9540e13d3aeef
1000	/home/broly/Desktop/security_repo/security-systems-and-cryptography/Assignment_5/src/encrypted/new_file_3.encrypt	2020-12-02	20:33:53	0	0		d41d8cd98f00b204e9800998ecf8427e
1000	/home/broly/Desktop/security_repo/security-systems-and-cryptography/Assignment_5/src/encrypted/new_file_3.encrypt	2020-12-02	20:33:53	2	0		6ff0100da6a0f8a99ad86006b642d4fb
1000	/home/broly/Desktop/security_repo/security-systems-and-cryptography/Assignment_5/src/encrypted/new_file_3.encrypt	2020-12-02	20:33:53	2	0		f86f534b9e8665f445f53677ced9cd56
1000	/home/broly/Desktop/security_repo/security-systems-and-cryptography/Assignment_5/src/encrypted/new_file_3.encrypt	2020-12-02	20:33:53	2	0		b11892c85ecbf66cfc519b605ca5e931
1000	/home/broly/anaconda3/ssl/openssl.cnf	2020-12-02	20:33:53	1	0		fb92a2dab53f11f4f5f22adc5257b553
1000	/home/broly/Desktop/security_repo/security-systems-and-cryptography/Assignment_5/src/encrypted/new_file_3.encrypt	2020-12-02	20:33:53	1	0		b11892c85ecbf66cfc519b605ca5e931
1000	/home/broly/Desktop/security_repo/security-systems-and-cryptography/Assignment_5/src/decrypted/new_file_3	2020-12-02	20:33:53	0	0		d41d8cd98f00b204e9800998ecf8427e
1000	/home/broly/Desktop/security_repo/security-systems-and-cryptography/Assignment_5/src/decrypted/new_file_3	2020-12-02	20:33:53	2	0		1355d3bfaeb5588e2cc9540e13d3aeef
1000	/home/broly/anaconda3/ssl/openssl.cnf	2020-12-02	20:33:53	1	0		fb92a2dab53f11f4f5f22adc5257b553
1000	/home/broly/Desktop/security_repo/security-systems-and-cryptography/Assignment_5/src/Userfiles/new_file_4	2020-12-02	20:33:53	1	0		1355d3bfaeb5588e2cc9540e13d3aeef
1000	/home/broly/Desktop/security_repo/security-systems-and-cryptography/Assignment_5/src/encrypted/new_file_4.encrypt	2020-12-02	20:33:53	0	0		d41d8cd98f00b204e9800998ecf8427e
1000	/home/broly/Desktop/security_repo/security-systems-and-cryptography/Assignment_5/src/encrypted/new_file_4.encrypt	2020-12-02	20:33:53	2	0		6ff0100da6a0f8a99ad86006b642d4fb
1000	/home/broly/Desktop/security_repo/security-systems-and-cryptography/Assignment_5/src/encrypted/new_file_4.encrypt	2020-12-02	20:33:53	2	0		565468484af6b390096214accda0f725
1000	/home/broly/Desktop/security_repo/security-systems-and-cryptography/Assignment_5/src/encrypted/new_file_4.encrypt	2020-12-02	20:33:53	2	0		700c1504d90dd54dc1cc10b13a4cf7ed
1000	/home/broly/anaconda3/ssl/openssl.cnf	2020-12-02	20:33:53	1	0		fb92a2dab53f11f4f5f22adc5257b553
1000	/home/broly/Desktop/security_repo/security-systems-and-cryptography/Assignment_5/src/encrypted/new_file_4.encrypt	2020-12-02	20:33:53	1	0		700c1504d90dd54dc1cc10b13a4cf7ed
1000	/home/broly/Desktop/security_repo/security-systems-and-cryptography/Assignment_5/src/decrypted/new_file_4	2020-12-02	20:33:53	0	0		d41d8cd98f00b204e9800998ecf8427e
1000	/home/broly/Desktop/security_repo/security-systems-and-cryptography/Assignment_5/src/decrypted/new_file_4	2020-12-02	20:33:53	2	0		1355d3bfaeb5588e2cc9540e13d3aeef
1000	/home/broly/anaconda3/ssl/openssl.cnf	2020-12-02	20:33:53	1	0		fb92a2dab53f11f4f5f22adc5257b553
1000	/home/broly/Desktop/security_repo/security-systems-and-cryptography/Assignment_5/src/Userfiles/new_file_5	2020-12-02	20:33:53	1	0		1355d3bfaeb5588e2cc9540e13d3aeef
1000	/home/broly/Desktop/security_repo/security-systems-and-cryptography/Assignment_5/src/encrypted/new_file_5.encrypt	2020-12-02	20:33:53	0	0		d41d8cd98f00b204e9800998ecf8427e
1000	/home/broly/Desktop/security_repo/security-systems-and-cryptography/Assignment_5/src/encrypted/new_file_5.encrypt	2020-12-02	20:33:53	2	0		6ff0100da6a0f8a99ad86006b642d4fb
1000	/home/broly/Desktop/security_repo/security-systems-and-cryptography/Assignment_5/src/encrypted/new_file_5.encrypt	2020-12-02	20:33:53	2	0		7e737dc8bccda133936e4eb4341a4944
1000	/home/broly/Desktop/security_repo/security-systems-and-cryptography/Assignment_5/src/encrypted/new_file_5.encrypt	2020-12-02	20:33:53	2	0		34584c7972742ed25e899f0f40c8ef8d
1000	/home/broly/anaconda3/ssl/openssl.cnf	2020-12-02	20:33:53	1	0		fb92a2dab53f11f4f5f22adc5257b553
1000	/home/broly/Desktop/security_repo/security-systems-and-cryptography/Assignment_5/src/encrypted/new_file_5.encrypt	2020-12-02	20:33:53	1	0		34584c7972742ed25e899f0f40c8ef8d
1000	/home/broly/Desktop/security_repo/security-systems-and-cryptography/Assignment_5/src/decrypted/new_file_5	2020-12-02	20:33:53	0	0		d41d8cd98f00b204e9800998ecf8427e
1000	/home/broly/Desktop/security_repo/security-systems-and-cryptography/Assignment_5/src/decrypted/new_file_5	2020-12-02	20:33:53	2	0		1355d3bfaeb5588e2cc9540e13d3aeef
1000	/home/broly/anaconda3/ssl/openssl.cnf	2020-12-02	20:33:53	1	0		fb92a2dab53f11f4f5f22adc5257b553
1000	/home/broly/Desktop/security_repo/security-systems-and-cryptography/Assignment_5/src/Userfiles/new_file_6	2020-12-02	20:33:53	1	0		1355d3bfaeb5588e2cc9540e13d3aeef
1000	/home/broly/Desktop/security_repo/security-systems-and-cryptography/Assignment_5/src/encrypted/new_file_6.encrypt	2020-12-02	20:33:53	0	0		d41d8cd98f00b204e9800998ecf8427e
1000	/home/broly/Desktop/security_repo/security-systems-and-cryptography/Assignment_5/src/encrypted/new_file_6.encrypt	2020-12-02	20:33:53	2	0		6ff0100da6a0f8a99ad86006b642d4fb
1000	/home/broly/Desktop/security_repo/security-systems-and-cryptography/Assignment_5/src/encrypted/new_file_6.encrypt	2020-12-02	20:33:53	2	0		9fe9ab83ae837040a83ce5f588029356
1000	/home/broly/Desktop/security_repo/security-systems-and-cryptography/Assignment_5/src/encrypted/new_file_6.encrypt	2020-12-02	20:33:53	2	0		d36dce22bab86610f5d72018053f2ed0
1000	/home/broly/anaconda3/ssl/openssl.cnf	2020-12-02	20:33:53	1	0		fb92a2dab53f11f4f5f22adc5257b553
1000	/home/broly/Desktop/security_repo/security-systems-and-cryptography/Assignment_5/src/encrypted/new_file_6.encrypt	2020-12-02	20:33:53	1	0		d36dce22bab86610f5d72018053f2ed0
1000	/home/broly/Desktop/security_repo/security-systems-and-cryptography/Assignment_5/src/decrypted/new_file_6	2020-12-02	20:33:53	0	0		d41d8cd98f00b204e9800998ecf8427e
1000	/home/broly/Desktop/security_repo/security-systems-and-cryptography/Assignment_5/src/decrypted/new_file_6	2020-12-02	20:33:53	2	0		1355d3bfaeb5588e2cc9540e13d3aeef
1000	/home/broly/anaconda3/ssl/openssl.cnf	2020-12-02	20:33:53	1	0		fb92a2dab53f11f4f5f22adc5257b553
1000	/home/broly/Desktop/security_repo/security-systems-and-cryptography/Assignment_5/src/Userfiles/new_file_7	2020-12-02	20:33:53	1	0		1355d3bfaeb5588e2cc9540e13d3aeef
1000	/home/broly/Desktop/security_repo/security-systems-and-cryptography/Assignment_5/src/encrypted/new_file_7.encrypt	2020-12-02	20:33:53	0	0		d41d8cd98f00b204e9800998ecf8427e
1000	/home/broly/Desktop/security_repo/security-systems-and-cryptography/Assignment_5/src/encrypted/new_file_7.encrypt	2020-12-02	20:33:53	2	0		6ff0100da6a0f8a99ad86006b642d4fb
1000	/home/broly/Desktop/security_repo/security-systems-and-cryptography/Assignment_5/src/encrypted/new_file_7.encrypt	2020-12-02	20:33:53	2	0		5b6922f533335971efadf05c24a1325f
1000	/home/broly/Desktop/security_repo/security-systems-and-cryptography/Assignment_5/src/encrypted/new_file_7.encrypt	2020-12-02	20:33:53	2	0		95be668a34082fac84aeaa25b02badc5
1000	/home/broly/anaconda3/ssl/openssl.cnf	2020-12-02	20:33:53	1	0		fb92a2dab53f11f4f5f22adc5257b553
1000	/home/broly/Desktop/security_repo/security-systems-and-cryptography/Assignment_5/src/encrypted/new_file_7.encrypt	2020-12-02	20:33:53	1	0		95be668a34082fac84aeaa25b02badc5
1000	/home/broly/Desktop/security_repo/security-systems-and-cryptography/Assignment_5/src/decrypted/new_file_7	2020-12-02	20:33:53	0	0		d41d8cd98f00b204e9800998ecf8427e
1000	/home/broly/Desktop/security_repo/security-systems-and-cryptography/Assignment_5/src/decrypted/new_file_7	2020-12-02	20:33:53	2	0		1355d3bfaeb5588e2cc9540e13d3aeef
1000	/home/broly/anaconda3/ssl/openssl.cnf	2020-12-02	20:33:53	1	0		fb92a2dab53f11f4f5f22adc5257b553
1000	/home/broly/Desktop/security_repo/security-systems-and-cryptography/Assignment_5/src/Userfiles/new_file_8	2020-12-02	20:33:53	1	0		1355d3bfaeb5588e2cc9540e13d3aeef
1000	/home/broly/Desktop/security_repo/security-systems-and-cryptography/Assignment_5/src/encrypted/new_file_8.encrypt	2020-12-02	20:33:53	0	0		d41d8cd98f00b204e9800998ecf8427e
1000	/home/broly/Desktop/security_repo/security-systems-and-cryptography/Assignment_5/src/encrypted/new_file_8.encrypt	2020-12-02	20:33:53	2	0		6ff0100da6a0f8a99ad86006b642d4fb
1000	/home/broly/Desktop/security_repo/security-systems-and-cryptography/Assignment_5/src/encrypted/new_file_8.encrypt	2020-12-02	20:33:53	2	0		52f001d8299e0b695a003de1c0aa4523
1000	/home/broly/Desktop/security_repo/security-systems-and-cryptography/Assignment_5/src/encrypted/new_file_8.encrypt	2020-12-02	20:33:53	2	0		e2b83a5168ffc858ba74dece4b937c39
1000	/home/broly/anaconda3/ssl/openssl.cnf	2020-12-02	20:33:53	1	0		fb92a2dab53f11f4f5f22adc5257b553
1000	/home/broly/Desktop/security_repo/security-systems-and-cryptography/Assignment_5/src/encrypted/new_file_8.encrypt	2020-12-02	20:33:53	1	0		e2b83a5168ffc858ba74dece4b937c39
1000	/home/broly/Desktop/security_repo/security-systems-and-cryptography/Assignment_5/src/decrypted/new_file_8	2020-12-02	20:33:53	0	0		d41d8cd98f00b204e9800998ecf8427e
1000	/home/broly/Desktop/security_repo/security-systems-and-cryptography/Assignment_5/src/decrypted/new_file_8	2020-12-02	20:33:53	2	0		1355d3bfaeb5588e2cc9540e13d3aeef
1000	/home/broly/anaconda3/ssl/openssl.cnf	2020-12-02	20:33:53	1	0		fb92a2dab53f11f4f5f22adc5257b553
1000	/home/broly/Desktop/security_repo/security-systems-and-cryptography/Assignment_5/src/Userfiles/new_file_9	2020-12-02	20:33:53	1	0		1355d3bfaeb5588e2cc9540e13d3aeef
1000	/home/broly/Desktop/security_repo/security-systems-and-cryptography/Assignment_5/src/encrypted/new_file_9.encrypt	2020-12-02	20:33:53	0	0		d41d8cd98f00b204e9800998ecf8427e
1000	/home/broly/Desktop/security_repo/security-systems-and-cryptography/Assignment_5/src/encrypted/new_file_9.encrypt	2020-12-02	20:33:53	2	0		6ff0100da6a0f8a99ad86006b642d4fb
1000	/home/broly/Desktop/security_repo/security-systems-and-cryptography/Assignment_5/src/encrypted/new_file_9.encrypt	2020-12-02	20:33:53	2	0		9be9f26140ae32c087b7126b0a0b0224
1000	/home/broly/Desktop/security_repo/security-systems-and-cryptography/Assignment_5/src/encrypted/new_file_9.encrypt	2020-12-02	20:33:53	2	0		8d2b0804672648b792c58a69a588a085
1000	/home/broly/anaconda3/ssl/openssl.cnf	2020-12-02	20:33:53	1	0		fb92a2dab53f11f4f5f22adc5257b553
1000	/home/broly/Desktop/security_repo/security-systems-and-cryptography/Assignment_5/src/encrypted/new_file_9.encrypt	2020-12-02	20:33:53	1	0		8d2b0804672648b792c58a69a588a085
1000	/home/broly/Desktop/security_repo/security-systems-and-cryptography/Assignment_5/src/decrypted/new_file_9	2020-12-02	20:33:53	0	0		d41d8cd98f00b204e9800998ecf8427e
1000	/home/broly/Desktop/security_repo/security-systems-and-cryptography/Assignment_5/src/decrypted/new_file_9	2020-12-02	20:33:53	2	0		1355d3bfaeb5588e2cc9540e13d3aeef
1000	/home/broly/Desktop/security_repo/security-systems-and-cryptography/Assignment_5/src/Userfiles/new_file_0	2020-12-02	20:35:42	0	0		d41d8cd98f00b204e9800998ecf8427e
1000	/home/broly/Desktop/security_repo/security-systems-and-cryptography/Assignment_5/src/Userfiles/new_file_0	2020-12-02	20:35:42	2	0		1355d3bfaeb5588e2cc9540e13d3aeef
1000	/home/broly/Desktop/security_repo/security-systems-and-cryptography/Assignment_5/src/Userfiles/new_file_1	2020-12-02	20:35:42	0	0		d41d8cd98f00b204e9800998ecf8427e
1000	/home/broly/Desktop/security_repo/security-systems-and-cryptography/Assignment_5/src/Userfiles/new_file_1	2020-12-02	20:35:42	2	0		1355d3bfaeb5588e2cc9540e13d3aeef
1000	/home/broly/Desktop/security_repo/security-systems-and-cryptography/Assignment_5/src/Userfiles/new_file_2	2020-12-02	20:35:42	0	0		d41d8cd98f00b204e9800998ecf8427e
1000	/home/broly/Desktop/security_repo/security-systems-and-cryptography/Assignment_5/src/Userfiles/new_file_2	2020-12-02	20:35:42	2	0		1355d3bfaeb5588e2cc9540e13d3aeef
1000	/home/broly/Desktop/security_repo/security-systems-and-cryptography/Assignment_5/src/Userfiles/new_file_3	2020-12-02	20:35:42	0	0		d41d8cd98f00b204e9800998ecf8427e
1000	/home/broly/Desktop/security_repo/security-systems-and-cryptography/Assignment_5/src/Userfiles/new_file_3	2020-12-02	20:35:42	2	0		1355d3bfaeb5588e2cc9540e13d3aeef
1000	/home/broly/Desktop/security_repo/security-systems-and-cryptography/Assignment_5/src/Userfiles/new_file_4	2020-12-02	20:35:42	0	0		d41d8cd98f00b204e9800998ecf8427e
1000	/home/broly/Desktop/security_repo/security-systems-and-cryptography/Assignment_5/src/Userfiles/new_file_4	2020-12-02	20:35:42	2	0		1355d3bfaeb5588e2cc9540e13d3aeef
1000	/home/broly/Desktop/security_repo/security-systems-and-cryptography/Assignment_5/src/Userfiles/new_file_5	2020-12-02	20:35:42	0	0		d41d8cd98f00b204e9800998ecf8427e
1000	/home/broly/Desktop/security_repo/security-systems-and-cryptography/Assignment_5/src/Userfiles/new_file_5	2020-12-02	20:35:42	2	0		1355d3bfaeb5588e2cc9540e13d3aeef
1000	/home/broly/Desktop/security_repo/security-systems-and-cryptography/Assignment_5/src/Userfiles/new_file_6	2020-12-02	20:35:42	0	0		d41d8cd98f00b204e9800998ecf8427e
1000	/home/broly/Desktop/security_repo/security-systems-and-cryptography/Assignment_5/src/Userfiles/new_file_6	2020-12-02	20:35:42	2	0		1355d3bfaeb5588e2cc9540e13d3aeef
1000	/home/broly/Desktop/security_repo/security-systems-and-cryptography/Assignment_5/src/Userfiles/new_file_7	2020-12-02	20:35:42	0	0		d41d8cd98f00b204e9800998ecf8427e
1000	/home/broly/Desktop/security_repo/security-systems-and-cryptography/Assignment_5/src/Userfiles/new_file_7	2020-12-02	20:35:42	2	0		1355d3bfaeb5588e2cc9540e13d3aeef
1000	/home/broly/Desktop/security_repo/security-systems-and-cryptography/Assignment_5/src/Userfiles/new_file_8	2020-12-02	20:35:42	0	0		d41d8cd98f00b204e9800998ecf8427e
1000	/home/broly/Desktop/security_repo/security-systems-and-cryptography/Assignment_5/src/Userfiles/new_file_8	2020-12-02	20:35:42	2	0		1355d3bfaeb5588e2cc9540e13d3aeef
1000	/home/broly/Desktop/security_repo/security-systems-and-cryptography/Assignment_5/src/Userfiles/new_file_9	2020-12-02	20:35:42	0	0		d41d8cd98f00b204e9800998ecf8427e
1000	/home/broly/Desktop/security_repo/security-systems-and-cryptography/Assignment_5/src/Userfiles/new_file_9	2020-12-02	20:35:42	2	0		1355d3bfaeb5588e2cc9540e13d3aeef
1000	/home/broly/anaconda3/ssl/openssl.cnf	2020-12-02	20:35:42	1	0		fb92a2dab53f11f4f5f22adc5257b553
1000	/home/broly/Desktop/security_repo/security-systems-and-cryptography/Assignment_5/src/Userfiles/new_file_0	2020-12-02	20:35:42	1	0		1355d3bfaeb5588e2cc9540e13d3aeef
1000	/home/broly/Desktop/security_repo/security-systems-and-cryptography/Assignment_5/src/encrypted/new_file_0.encrypt	2020-12-02	20:35:42	0	0		d41d8cd98f00b204e9800998ecf8427e
1000	/home/broly/Desktop/security_repo/security-systems-and-cryptography/Assignment_5/src/encrypted/new_file_0.encrypt	2020-12-02	20:35:42	2	0		6ff0100da6a0f8a99ad86006b642d4fb
1000	/home/broly/Desktop/security_repo/security-systems-and-cryptography/Assignment_5/src/encrypted/new_file_0.encrypt	2020-12-02	20:35:42	2	0		b44d142cf56ad8e0d3c691baea9d369f
1000	/home/broly/Desktop/security_repo/security-systems-and-cryptography/Assignment_5/src/encrypted/new_file_0.encrypt	2020-12-02	20:35:42	2	0		ecb85832ce2142de66565cce94e94d20
1000	/home/broly/anaconda3/ssl/openssl.cnf	2020-12-02	20:35:42	1	0		fb92a2dab53f11f4f5f22adc5257b553
1000	/home/broly/Desktop/security_repo/security-systems-and-cryptography/Assignment_5/src/encrypted/new_file_0.encrypt	2020-12-02	20:35:42	1	0		ecb85832ce2142de66565cce94e94d20
1000	/home/broly/Desktop/security_repo/security-systems-and-cryptography/Assignment_5/src/decrypted/new_file_0	2020-12-02	20:35:42	0	0		d41d8cd98f00b204e9800998ecf8427e
1000	/home/broly/Desktop/security_repo/security-systems-and-cryptography/Assignment_5/src/decrypted/new_file_0	2020-12-02	20:35:42	2	0		1355d3bfaeb5588e2cc9540e13d3aeef
1000	/home/broly/anaconda3/ssl/openssl.cnf	2020-12-02	20:35:42	1	0		fb92a2dab53f11f4f5f22adc5257b553
1000	/home/broly/Desktop/security_repo/security-systems-and-cryptography/Assignment_5/src/Userfiles/new_file_1	2020-12-02	20:35:42	1	0		1355d3bfaeb5588e2cc9540e13d3aeef
1000	/home/broly/Desktop/security_repo/security-systems-and-cryptography/Assignment_5/src/encrypted/new_file_1.encrypt	2020-12-02	20:35:42	0	0		d41d8cd98f00b204e9800998ecf8427e
1000	/home/broly/Desktop/security_repo/security-systems-and-cryptography/Assignment_5/src/encrypted/new_file_1.encrypt	2020-12-02	20:35:42	2	0		6ff0100da6a0f8a99ad86006b642d4fb
1000	/home/broly/Desktop/security_repo/security-systems-and-cryptography/Assignment_5/src/encrypted/new_file_1.encrypt	2020-12-02	20:35:42	2	0		fea290f64f57a08d8d5e12f30f8c9f0e
1000	/home/broly/Desktop/security_repo/security-systems-and-cryptography/Assignment_5/src/encrypted/new_file_1.encrypt	2020-12-02	20:35:42	2	0		a2522241aaa077bb0313944085be1070
1000	/home/broly/anaconda3/ssl/openssl.cnf	2020-12-02	20:35:42	1	0		fb92a2dab53f11f4f5f22adc5257b553
1000	/home/broly/Desktop/security_repo/security-systems-and-cryptography/Assignment_5/src/encrypted/new_file_1.encrypt	2020-12-02	20:35:42	1	0		a2522241aaa077bb0313944085be1070
1000	/home/broly/Desktop/security_repo/security-systems-and-cryptography/Assignment_5/src/decrypted/new_file_1	2020-12-02	20:35:42	0	0		d41d8cd98f00b204e9800998ecf8427e
1000	/home/broly/Desktop/security_repo/security-systems-and-cryptography/Assignment_5/src/decrypted/new_file_1	2020-12-02	20:35:42	2	0		1355d3bfaeb5588e2cc9540e13d3aeef
1000	/home/broly/anaconda3/ssl/openssl.cnf	2020-12-02	20:35:42	1	0		fb92a2dab53f11f4f5f22adc5257b553
1000	/home/broly/Desktop/security_repo/security-systems-and-cryptography/Assignment_5/src/Userfiles/new_file_2	2020-12-02	20:35:42	1	0		1355d3bfaeb5588e2cc9540e13d3aeef
1000	/home/broly/Desktop/security_repo/security-systems-and-cryptography/Assignment_5/src/encrypted/new_file_2.encrypt	2020-12-02	20:35:42	0	0		d41d8cd98f00b204e9800998ecf8427e
1000	/home/broly/Desktop/security_repo/security-systems-and-cryptography/Assignment_5/src/encrypted/new_file_2.encrypt	2020-12-02	20:35:42	2	0		6ff0100da6a0f8a99ad86006b642d4fb
1000	/home/broly/Desktop/security_repo/security-systems-and-cryptography/Assignment_5/src/encrypted/new_file_2.encrypt	2020-12-02	20:35:42	2	0		767342552efdf20f66e37fa33f10b8c5
1000	/home/broly/Desktop/security_repo/security-systems-and-cryptography/Assignment_5/src/encrypted/new_file_2.encrypt	2020-12-02	20:35:42	2	0		b92e9084f7120718a7e5778e3b429dda
1000	/home/broly/anaconda3/ssl/openssl.cnf	2020-12-02	20:35:42	1	0		fb92a2dab53f11f4f5f22adc5257b553
1000	/home/broly/Desktop/security_repo/security-systems-and-cryptography/Assignment_5/src/encrypted/new_file_2.encrypt	2020-12-02	20:35:42	1	0		b92e9084f7120718a7e5778e3b429dda
1000	/home/broly/Desktop/security_repo/security-systems-and-cryptography/Assignment_5/src/decrypted/new_file_2	2020-12-02	20:35:42	0	0		d41d8cd98f00b204e9800998ecf8427e
1000	/home/broly/Desktop/security_repo/security-systems-and-cryptography/Assignment_5/src/decrypted/new_file_2	2020-12-02	20:35:42	2	0		1355d3bfaeb5588e2cc9540e13d3aeef
1000	/home/broly/anaconda3/ssl/openssl.cnf	2020-12-02	20:35:42	1	0		fb92a2dab53f11f4f5f22adc5257b553
1000	/home/broly/Desktop/security_repo/security-systems-and-cryptography/Assignment_5/src/Userfiles/new_file_3	2020-12-02	20:35:42	1	0		1355d3bfaeb5588e2cc9540e13d3aeef
1000	/home/broly/Desktop/security_repo/security-systems-and-cryptography/Assignment_5/src/encrypted/new_file_3.encrypt	2020-12-02	20:35:42	0	0		d41d8cd98f00b204e9800998ecf8427e
1000	/home/broly/Desktop/security_repo/security-systems-and-cryptography/Assignment_5/src/encrypted/new_file_3.encrypt	2020-12-02	20:35:42	2	0		6ff0100da6a0f8a99ad86006b642d4fb
1000	/home/broly/Desktop/security_repo/security-systems-and-cryptography/Assignment_5/src/encrypted/new_file_3.encrypt	2020-12-02	20:35:42	2	0		cfaef6a84a008d1d630c134d89824c8e
1000	/home/broly/Desktop/security_repo/security-systems-and-cryptography/Assignment_5/src/encrypted/new_file_3.encrypt	2020-12-02	20:35:42	2	0		b68f1633841ae964f24fb2559f1cdb5f
1000	/home/broly/anaconda3/ssl/openssl.cnf	2020-12-02	20:35:42	1	0		fb92a2dab53f11f4f5f22adc5257b553
1000	/home/broly/Desktop/security_repo/security-systems-and-cryptography/Assignment_5/src/encrypted/new_file_3.encrypt	2020-12-02	20:35:42	1	0		b68f1633841ae964f24fb2559f1cdb5f
1000	/home/broly/Desktop/security_repo/security-systems-and-cryptography/Assignment_5/src/decrypted/new_file_3	2020-12-02	20:35:42	0	0		d41d8cd98f00b204e9800998ecf8427e
1000	/home/broly/Desktop/security_repo/security-systems-and-cryptography/Assignment_5/src/decrypted/new_file_3	2020-12-02	20:35:42	2	0		1355d3bfaeb5588e2cc9540e13d3aeef
1000	/home/broly/anaconda3/ssl/openssl.cnf	2020-12-02	20:35:42	1	0		fb92a2dab53f11f4f5f22adc5257b553
1000	/home/broly/Desktop/security_repo/security-systems-and-cryptography/Assignment_5/src/Userfiles/new_file_4	2020-12-02	20:35:42	1	0		1355d3bfaeb5588e2cc9540e13d3aeef
1000	/home/broly/Desktop/security_repo/security-systems-and-cryptography/Assignment_5/src/encrypted/new_file_4.encrypt	2020-12-02	20:35:42	0	0		d41d8cd98f00b204e9800998ecf8427e
1000	/home/broly/Desktop/security_repo/security-systems-and-cryptography/Assignment_5/src/encrypted/new_file_4.encrypt	2020-12-02	20:35:42	2	0		6ff0100da6a0f8a99ad86006b642d4fb
1000	/home/broly/Desktop/security_repo/security-systems-and-cryptography/Assignment_5/src/encrypted/new_file_4.encrypt	2020-12-02	20:35:42	2	0		7d902b740905897738192f7f5839d8a7
1000	/home/broly/Desktop/security_repo/security-systems-and-cryptography/Assignment_5/src/encrypted/new_file_4.encrypt	2020-12-02	20:35:42	2	0		c52bca73af59e03deabdffc9313a7810
1000	/home/broly/anaconda3/ssl/openssl.cnf	2020-12-02	20:35:42	1	0		fb92a2dab53f11f4f5f22adc5257b553
1000	/home/broly/Desktop/security_repo/security-systems-and-cryptography/Assignment_5/src/encrypted/new_file_4.encrypt	2020-12-02	20:35:42	1	0		c52bca73af59e03deabdffc9313a7810
1000	/home/broly/Desktop/security_repo/security-systems-and-cryptography/Assignment_5/src/decrypted/new_file_4	2020-12-02	20:35:42	0	0		d41d8cd98f00b204e9800998ecf8427e
1000	/home/broly/Desktop/security_repo/security-systems-and-cryptography/Assignment_5/src/decrypted/new_file_4	2020-12-02	20:35:42	2	0		1355d3bfaeb5588e2cc9540e13d3aeef
1000	/home/broly/anaconda3/ssl/openssl.cnf	2020-12-02	20:35:42	1	0		fb92a2dab53f11f4f5f22adc5257b553
1000	/home/broly/Desktop/security_repo/security-systems-and-cryptography/Assignment_5/src/Userfiles/new_file_5	2020-12-02	20:35:42	1	0		1355d3bfaeb5588e2cc9540e13d3aeef
1000	/home/broly/Desktop/security_repo/security-systems-and-cryptography/Assignment_5/src/encrypted/new_file_5.encrypt	2020-12-02	20:35:42	0	0		d41d8cd98f00b204e9800998ecf8427e
1000	/home/broly/Desktop/security_repo/security-systems-and-cryptography/Assignment_5/src/encrypted/new_file_5.encrypt	2020-12-02	20:35:42	2	0		6ff0100da6a0f8a99ad86006b642d4fb
1000	/home/broly/Desktop/security_repo/security-systems-and-cryptography/Assignment_5/src/encrypted/new_file_5.encrypt	2020-12-02	20:35:42	2	0		bcef44d754f007b610718884f212859e
1000	/home/broly/Desktop/security_repo/security-systems-and-cryptography/Assignment_5/src/encrypted/new_file_5.encrypt	2020-12-02	20:35:42	2	0		78ab75a5da81cdb22bb62107bd4eb2e4
1000	/home/broly/anaconda3/ssl/openssl.cnf	2020-12-02	20:35:42	1	0		fb92a2dab53f11f4f5f22adc5257b553
1000	/home/broly/Desktop/security_repo/security-systems-and-cryptography/Assignment_5/src/encrypted/new_file_5.encrypt	2020-12-02	20:35:42	1	0		78ab75a5da81cdb22bb62107bd4eb2e4
1000	/home/broly/Desktop/security_repo/security-systems-and-cryptography/Assignment_5/src/decrypted/new_file_5	2020-12-02	20:35:42	0	0		d41d8cd98f00b204e9800998ecf8427e
1000	/home/broly/Desktop/security_repo/security-systems-and-cryptography/Assignment_5/src/decrypted/new_file_5	2020-12-02	20:35:42	2	0		1355d3bfaeb5588e2cc9540e13d3aeef
1000	/home/broly/anaconda3/ssl/openssl.cnf	2020-12-02	20:35:42	1	0		fb92a2dab53f11f4f5f22adc5257b553
1000	/home/broly/Desktop/security_repo/security-systems-and-cryptography/Assignment_5/src/Userfiles/new_file_6	2020-12-02	20:35:42	1	0		1355d3bfaeb5588e2cc9540e13d3aeef
1000	/home/broly/Desktop/security_repo/security-systems-and-cryptography/Assignment_5/src/encrypted/new_file_6.encrypt	2020-12-02	20:35:42	0	0		d41d8cd98f00b204e9800998ecf8427e
1000	/home/broly/Desktop/security_repo/security-systems-and-cryptography/Assignment_5/src/encrypted/new_file_6.encrypt	2020-12-02	20:35:42	2	0		6ff0100da6a0f8a99ad86006b642d4fb
1000	/home/broly/Desktop/security_repo/security-systems-and-cryptography/Assignment_5/src/encrypted/new_file_6.encrypt	2020-12-02	20:35:42	2	0		5aade3c785547453f6f7fcb16c1006ec
1000	/home/broly/Desktop/security_repo/security-systems-and-cryptography/Assignment_5/src/encrypted/new_file_6.encrypt	2020-12-02	20:35:42	2	0		5e59b04f06fa5a6e8e02400cd75c7e56
1000	/home/broly/anaconda3/ssl/openssl.cnf	2020-12-02	20:35:42	1	0		fb92a2dab53f11f4f5f22adc5257b553
1000	/home/broly/Desktop/security_repo/security-systems-and-cryptography/Assignment_5/src/encrypted/new_file_6.encrypt	2020-12-02	20:35:42	1	0		5e59b04f06fa5a6e8e02400cd75c7e56
1000	/home/broly/Desktop/security_repo/security-systems-and-cryptography/Assignment_5/src/decrypted/new_file_6	2020-12-02	20:35:42	0	0		d41d8cd98f00b204e9800998ecf8427e
1000	/home/broly/Desktop/security_repo/security-systems-and-cryptography/Assignment_5/src/decrypted/new_file_6	2020-12-02	20:35:42	2	0		1355d3bfaeb5588e2cc9540e13d3aeef
1000	/home/broly/anaconda3/ssl/openssl.cnf	2020-12-02	20:35:42	1	0		fb92a2dab53f11f4f5f22adc5257b553
1000	/home/broly/Desktop/security_repo/security-systems-and-cryptography/Assignment_5/src/Userfiles/new_file_7	2020-12-02	20:35:42	1	0		1355d3bfaeb5588e2cc9540e13d3aeef
1000	/home/broly/Desktop/security_repo/security-systems-and-cryptography/Assignment_5/src/encrypted/new_file_7.encrypt	2020-12-02	20:35:42	0	0		d41d8cd98f00b204e9800998ecf8427e
1000	/home/broly/Desktop/security_repo/security-systems-and-cryptography/Assignment_5/src/encrypted/new_file_7.encrypt	2020-12-02	20:35:42	2	0		6ff0100da6a0f8a99ad86006b642d4fb
1000	/home/broly/Desktop/security_repo/security-systems-and-cryptography/Assignment_5/src/encrypted/new_file_7.encrypt	2020-12-02	20:35:42	2	0		d439526f4a5a6ed8307064566d7cb8f9
1000	/home/broly/Desktop/security_repo/security-systems-and-cryptography/Assignment_5/src/encrypted/new_file_7.encrypt	2020-12-02	20:35:42	2	0		3283cde0e0f55644823965237423cc16
1000	/home/broly/anaconda3/ssl/openssl.cnf	2020-12-02	20:35:42	1	0		fb92a2dab53f11f4f5f22adc5257b553
1000	/home/broly/Desktop/security_repo/security-systems-and-cryptography/Assignment_5/src/encrypted/new_file_7.encrypt	2020-12-02	20:35:42	1	0		3283cde0e0f55644823965237423cc16
1000	/home/broly/Desktop/security_repo/security-systems-and-cryptography/Assignment_5/src/decrypted/new_file_7	2020-12-02	20:35:42	0	0		d41d8cd98f00b204e9800998ecf8427e
1000	/home/broly/Desktop/security_repo/security-systems-and-cryptography/Assignment_5/src/decrypted/new_file_7	2020-12-02	20:35:42	2	0		1355d3bfaeb5588e2cc9540e13d3aeef
1000	/home/broly/anaconda3/ssl/openssl.cnf	2020-12-02	20:35:42	1	0		fb92a2dab53f11f4f5f22adc5257b553
1000	/home/broly/Desktop/security_repo/security-systems-and-cryptography/Assignment_5/src/Userfiles/new_file_8	2020-12-02	20:35:42	1	0		1355d3bfaeb5588e2cc9540e13d3aeef
1000	/home/broly/Desktop/security_repo/security-systems-and-cryptography/Assignment_5/src/encrypted/new_file_8.encrypt	2020-12-02	20:35:42	0	0		d41d8cd98f00b204e9800998ecf8427e
1000	/home/broly/Desktop/security_repo/security-systems-and-cryptography/Assignment_5/src/encrypted/new_file_8.encrypt	2020-12-02	20:35:42	2	0		6ff0100da6a0f8a99ad86006b642d4fb
1000	/home/broly/Desktop/security_repo/security-systems-and-cryptography/Assignment_5/src/encrypted/new_file_8.encrypt	2020-12-02	20:35:42	2	0		50e8f31e8290945390300f1f0c4858a5
1000	/home/broly/Desktop/security_repo/security-systems-and-cryptography/Assignment_5/src/encrypted/new_file_8.encrypt	2020-12-02	20:35:42	2	0		62ba4fd2c8534deba109b6681563c27b
1000	/home/broly/anaconda3/ssl/openssl.cnf	2020-12-02	20:35:42	1	0		fb92a2dab53f11f4f5f22adc5257b553
1000	/home/broly/Desktop/security_repo/security-systems-and-cryptography/Assignment_5/src/encrypted/new_file_8.encrypt	2020-12-02	20:35:42	1	0		62ba4fd2c8534deba109b6681563c27b
1000	/home/broly/Desktop/security_repo/security-systems-and-cryptography/Assignment_5/src/decrypted/new_file_8	2020-12-02	20:35:42	0	0		d41d8cd98f00b204e9800998ecf8427e
1000	/home/broly/Desktop/security_repo/security-systems-and-cryptography/Assignment_5/src/decrypted/new_file_8	2020-12-02	20:35:42	2	0		1355d3bfaeb5588e2cc9540e13d3aeef
1000	/home/broly/anaconda3/ssl/openssl.cnf	2020-12-02	20:35:42	1	0		fb92a2dab53f11f4f5f22adc5257b553
1000	/home/broly/Desktop/security_repo/security-systems-and-cryptography/Assignment_5/src/Userfiles/new_file_9	2020-12-02	20:35:42	1	0		1355d3bfaeb5588e2cc9540e13d3aeef
1000	/home/broly/Desktop/security_repo/security-systems-and-cryptography/Assignment_5/src/encrypted/new_file_9.encrypt	2020-12-02	20:35:42	0	0		d41d8cd98f00b204e9800998ecf8427e
1000	/home/broly/Desktop/security_repo/security-systems-and-cryptography/Assignment_5/src/encrypted/new_file_9.encrypt	2020-12-02	20:35:42	2	0		6ff0100da6a0f8a99ad86006b642d4fb
1000	/home/broly/Desktop/security_repo/security-systems-and-cryptography/Assignment_5/src/encrypted/new_file_9.encrypt	2020-12-02	20:35:42	2	0		d640b6cec5f381eac74d3ac02a13c4f2
1000	/home/broly/Desktop/security_repo/security-systems-and-cryptography/Assignment_5/src/encrypted/new_file_9.encrypt	2020-12-02	20:35:42	2	0		c7c3e8974f4e3ac1b8d3065e47f3c031
1000	/home/broly/anaconda3/ssl/openssl.cnf	2020-12-02	20:35:42	1	0		fb92a2dab53f11f4f5f22adc5257b553
1000	/home/broly/Desktop/security_repo/security-systems-and-cryptography/Assignment_5/src/encrypted/new_file_9.encrypt	2020-12-02	20:35:42	1	0		c7c3e8974f4e3ac1b8d3065e47f3c031
1000	/home/broly/Desktop/security_repo/security-systems-and-cryptography/Assignment_5/src/decrypted/new_file_9	2020-12-02	20:35:42	0	0		d41d8cd98f00b204e9800998ecf8427e
1000	/home/broly/Desktop/security_repo/security-systems-and-cryptography/Assignment_5/src/decrypted/new_file_9	2020-12-02	20:35:42	2	0		1355d3bfaeb5588e2cc9540e13d3aeef
1000	/home/broly/Desktop/security_repo/security-systems-and-cryptography/Assignment_5/src/Userfiles/new_file_0	2020-12-02	20:35:55	0	0		d41d8cd98f00b204e9800998ecf8427e
1000	/home/broly/Desktop/security_repo/security-systems-and-cryptography/Assignment_5/src/Userfiles/new_file_0	2020-12-02	20:35:55	2	0		1355d3bfaeb5588e2cc9540e13d3aeef
1000	/home/broly/Desktop/security_repo/security-systems-and-cryptography/Assignment_5/src/Userfiles/new_file_1	2020-12-02	20:35:55	0	0		d41d8cd98f00b204e9800998ecf8427e
1000	/home/broly/Desktop/security_repo/security-systems-and-cryptography/Assignment_5/src/Userfiles/new_file_1	2020-12-02	20:35:55	2	0		1355d3bfaeb5588e2cc9540e13d3aeef
1000	/home/broly/Desktop/security_repo/security-systems-and-cryptography/Assignment_5/src/Userfiles/new_file_2	2020-12-02	20:35:55	0	0		d41d8cd98f00b204e9800998ecf8427e
1000	/home/broly/Desktop/security_repo/security-systems-and-cryptography/Assignment_5/src/Userfiles/new_file_2	2020-12-02	20:35:55	2	0		1355d3bfaeb5588e2cc9540e13d3aeef
1000	/home/broly/Desktop/security_repo/security-systems-and-cryptography/Assignment_5/src/Userfiles/new_file_3	2020-12-02	20:35:55	0	0		d41d8cd98f00b204e9800998ecf8427e
1000	/home/broly/Desktop/security_repo/security-systems-and-cryptography/Assignment_5/src/Userfiles/new_file_3	2020-12-02	20:35:55	2	0		1355d3bfaeb5588e2cc9540e13d3aeef
1000	/home/broly/Desktop/security_repo/security-systems-and-cryptography/Assignment_5/src/Userfiles/new_file_4	2020-12-02	20:35:55	0	0		d41d8cd98f00b204e9800998ecf8427e
1000	/home/broly/Desktop/security_repo/security-systems-and-cryptography/Assignment_5/src/Userfiles/new_file_4	2020-12-02	20:35:55	2	0		1355d3bfaeb5588e2cc9540e13d3aeef
1000	/home/broly/Desktop/security_repo/security-systems-and-cryptography/Assignment_5/src/Userfiles/new_file_5	2020-12-02	20:35:55	0	0		d41d8cd98f00b204e9800998ecf8427e
1000	/home/broly/Desktop/security_repo/security-systems-and-cryptography/Assignment_5/src/Userfiles/new_file_5	2020-12-02	20:35:55	2	0		1355d3bfaeb5588e2cc9540e13d3aeef
1000	/home/broly/Desktop/security_repo/security-systems-and-cryptography/Assignment_5/src/Userfiles/new_file_6	2020-12-02	20:35:55	0	0		d41d8cd98f00b204e9800998ecf8427e
1000	/home/broly/Desktop/security_repo/security-systems-and-cryptography/Assignment_5/src/Userfiles/new_file_6	2020-12-02	20:35:55	2	0		1355d3bfaeb5588e2cc9540e13d3aeef
1000	/home/broly/Desktop/security_repo/security-systems-and-cryptography/Assignment_5/src/Userfiles/new_file_7	2020-12-02	20:35:55	0	0		d41d8cd98f00b204e9800998ecf8427e
1000	/home/broly/Desktop/security_repo/security-systems-and-cryptography/Assignment_5/src/Userfiles/new_file_7	2020-12-02	20:35:55	2	0		1355d3bfaeb5588e2cc9540e13d3aeef
1000	/home/broly/Desktop/security_repo/security-systems-and-cryptography/Assignment_5/src/Userfiles/new_file_8	2020-12-02	20:35:55	0	0		d41d8cd98f00b204e9800998ecf8427e
1000	/home/broly/Desktop/security_repo/security-systems-and-cryptography/Assignment_5/src/Userfiles/new_file_8	2020-12-02	20:35:55	2	0		1355d3bfaeb5588e2cc9540e13d3aeef
1000	/home/broly/Desktop/security_repo/security-systems-and-cryptography/Assignment_5/src/Userfiles/new_file_9	2020-12-02	20:35:55	0	0		d41d8cd98f00b204e9800998ecf8427e
1000	/home/broly/Desktop/security_repo/security-systems-and-cryptography/Assignment_5/src/Userfiles/new_file_9	2020-12-02	20:35:55	2	0		1355d3bfaeb5588e2cc9540e13d3aeef
1000	/home/broly/anaconda3/ssl/openssl.cnf	2020-12-02	20:35:55	1	0		fb92a2dab53f11f4f5f22adc5257b553
1000	/home/broly/Desktop/security_repo/security-systems-and-cryptography/Assignment_5/src/Userfiles/new_file_0	2020-12-02	20:35:55	1	0		1355d3bfaeb5588e2cc9540e13d3aeef
1000	/home/broly/Desktop/security_repo/security-systems-and-cryptography/Assignment_5/src/encrypted/new_file_0.encrypt	2020-12-02	20:35:55	0	0		d41d8cd98f00b204e9800998ecf8427e
1000	/home/broly/Desktop/security_repo/security-systems-and-cryptography/Assignment_5/src/encrypted/new_file_0.encrypt	2020-12-02	20:35:55	2	0		6ff0100da6a0f8a99ad86006b642d4fb
1000	/home/broly/Desktop/security_repo/security-systems-and-cryptography/Assignment_5/src/encrypted/new_file_0.encrypt	2020-12-02	20:35:55	2	0		52cde88fa2364519eab5414c9b978974
1000	/home/broly/Desktop/security_repo/security-systems-and-cryptography/Assignment_5/src/encrypted/new_file_0.encrypt	2020-12-02	20:35:55	2	0		7a060aba9a6be087487cc99d390374b4
1000	/home/broly/anaconda3/ssl/openssl.cnf	2020-12-02	20:35:55	1	0		fb92a2dab53f11f4f5f22adc5257b553
1000	/home/broly/Desktop/security_repo/security-systems-and-cryptography/Assignment_5/src/encrypted/new_file_0.encrypt	2020-12-02	20:35:55	1	0		7a060aba9a6be087487cc99d390374b4
1000	/home/broly/Desktop/security_repo/security-systems-and-cryptography/Assignment_5/src/decrypted/new_file_0	2020-12-02	20:35:55	0	0		d41d8cd98f00b204e9800998ecf8427e
1000	/home/broly/Desktop/security_repo/security-systems-and-cryptography/Assignment_5/src/decrypted/new_file_0	2020-12-02	20:35:55	2	0		1355d3bfaeb5588e2cc9540e13d3aeef
1000	/home/broly/anaconda3/ssl/openssl.cnf	2020-12-02	20:35:55	1	0		fb92a2dab53f11f4f5f22adc5257b553
1000	/home/broly/Desktop/security_repo/security-systems-and-cryptography/Assignment_5/src/Userfiles/new_file_1	2020-12-02	20:35:55	1	0		1355d3bfaeb5588e2cc9540e13d3aeef
1000	/home/broly/Desktop/security_repo/security-systems-and-cryptography/Assignment_5/src/encrypted/new_file_1.encrypt	2020-12-02	20:35:55	0	0		d41d8cd98f00b204e9800998ecf8427e
1000	/home/broly/Desktop/security_repo/security-systems-and-cryptography/Assignment_5/src/encrypted/new_file_1.encrypt	2020-12-02	20:35:55	2	0		6ff0100da6a0f8a99ad86006b642d4fb
1000	/home/broly/Desktop/security_repo/security-systems-and-cryptography/Assignment_5/src/encrypted/new_file_1.encrypt	2020-12-02	20:35:55	2	0		2954104f26fe51d7c00e9cdcedc577dc
1000	/home/broly/Desktop/security_repo/security-systems-and-cryptography/Assignment_5/src/encrypted/new_file_1.encrypt	2020-12-02	20:35:55	2	0		dad356135d0df0de32c56601bdd67c38
1000	/home/broly/anaconda3/ssl/openssl.cnf	2020-12-02	20:35:55	1	0		fb92a2dab53f11f4f5f22adc5257b553
1000	/home/broly/Desktop/security_repo/security-systems-and-cryptography/Assignment_5/src/encrypted/new_file_1.encrypt	2020-12-02	20:35:55	1	0		dad356135d0df0de32c56601bdd67c38
1000	/home/broly/Desktop/security_repo/security-systems-and-cryptography/Assignment_5/src/decrypted/new_file_1	2020-12-02	20:35:55	0	0		d41d8cd98f00b204e9800998ecf8427e
1000	/home/broly/Desktop/security_repo/security-systems-and-cryptography/Assignment_5/src/decrypted/new_file_1	2020-12-02	20:35:55	2	0		1355d3bfaeb5588e2cc9540e13d3aeef
1000	/home/broly/anaconda3/ssl/openssl.cnf	2020-12-02	20:35:55	1	0		fb92a2dab53f11f4f5f22adc5257b553
1000	/home/broly/Desktop/security_repo/security-systems-and-cryptography/Assignment_5/src/Userfiles/new_file_2	2020-12-02	20:35:55	1	0		1355d3bfaeb5588e2cc9540e13d3aeef
1000	/home/broly/Desktop/security_repo/security-systems-and-cryptography/Assignment_5/src/encrypted/new_file_2.encrypt	2020-12-02	20:35:55	0	0		d41d8cd98f00b204e9800998ecf8427e
1000	/home/broly/Desktop/security_repo/security-systems-and-cryptography/Assignment_5/src/encrypted/new_file_2.encrypt	2020-12-02	20:35:55	2	0		6ff0100da6a0f8a99ad86006b642d4fb
1000	/home/broly/Desktop/security_repo/security-systems-and-cryptography/Assignment_5/src/encrypted/new_file_2.encrypt	2020-12-02	20:35:55	2	0		26312de82a718a2129dc67d5be1d0f62
1000	/home/broly/Desktop/security_repo/security-systems-and-cryptography/Assignment_5/src/encrypted/new_file_2.encrypt	2020-12-02	20:35:55	2	0		40053de000266e8b3195ee8270dfe790
1000	/home/broly/anaconda3/ssl/openssl.cnf	2020-12-02	20:35:55	1	0		fb92a2dab53f11f4f5f22adc5257b553
1000	/home/broly/Desktop/security_repo/security-systems-and-cryptography/Assignment_5/src/encrypted/new_file_2.encrypt	2020-12-02	20:35:55	1	0		40053de000266e8b3195ee8270dfe790
1000	/home/broly/Desktop/security_repo/security-systems-and-cryptography/Assignment_5/src/decrypted/new_file_2	2020-12-02	20:35:55	0	0		d41d8cd98f00b204e9800998ecf8427e
1000	/home/broly/Desktop/security_repo/security-systems-and-cryptography/Assignment_5/src/decrypted/new_file_2	2020-12-02	20:35:55	2	0		1355d3bfaeb5588e2cc9540e13d3aeef
1000	/home/broly/anaconda3/ssl/openssl.cnf	2020-12-02	20:35:55	1	0		fb92a2dab53f11f4f5f22adc5257b553
1000	/home/broly/Desktop/security_repo/security-systems-and-cryptography/Assignment_5/src/Userfiles/new_file_3	2020-12-02	20:35:55	1	0		1355d3bfaeb5588e2cc9540e13d3aeef
1000	/home/broly/Desktop/security_repo/security-systems-and-cryptography/Assignment_5/src/encrypted/new_file_3.encrypt	2020-12-02	20:35:55	0	0		d41d8cd98f00b204e9800998ecf8427e
1000	/home/broly/Desktop/security_repo/security-systems-and-cryptography/Assignment_5/src/encrypted/new_file_3.encrypt	2020-12-02	20:35:55	2	0		6ff0100da6a0f8a99ad86006b642d4fb
1000	/home/broly/Desktop/security_repo/security-systems-and-cryptography/Assignment_5/src/encrypted/new_file_3.encrypt	2020-12-02	20:35:55	2	0		2d1fcb9ebbbecec75683bfd2d118c00a
1000	/home/broly/Desktop/security_repo/security-systems-and-cryptography/Assignment_5/src/encrypted/new_file_3.encrypt	2020-12-02	20:35:55	2	0		c5514a75b8db590af4a582247a48c52a
1000	/home/broly/anaconda3/ssl/openssl.cnf	2020-12-02	20:35:55	1	0		fb92a2dab53f11f4f5f22adc5257b553
1000	/home/broly/Desktop/security_repo/security-systems-and-cryptography/Assignment_5/src/encrypted/new_file_3.encrypt	2020-12-02	20:35:55	1	0		c5514a75b8db590af4a582247a48c52a
1000	/home/broly/Desktop/security_repo/security-systems-and-cryptography/Assignment_5/src/decrypted/new_file_3	2020-12-02	20:35:55	0	0		d41d8cd98f00b204e9800998ecf8427e
1000	/home/broly/Desktop/security_repo/security-systems-and-cryptography/Assignment_5/src/decrypted/new_file_3	2020-12-02	20:35:55	2	0		1355d3bfaeb5588e2cc9540e13d3aeef
1000	/home/broly/anaconda3/ssl/openssl.cnf	2020-12-02	20:35:55	1	0		fb92a2dab53f11f4f5f22adc5257b553
1000	/home/broly/Desktop/security_repo/security-systems-and-cryptography/Assignment_5/src/Userfiles/new_file_4	2020-12-02	20:35:55	1	0		1355d3bfaeb5588e2cc9540e13d3aeef
1000	/home/broly/Desktop/security_repo/security-systems-and-cryptography/Assignment_5/src/encrypted/new_file_4.encrypt	2020-12-02	20:35:55	0	0		d41d8cd98f00b204e9800998ecf8427e
1000	/home/broly/Desktop/security_repo/security-systems-and-cryptography/Assignment_5/src/encrypted/new_file_4.encrypt	2020-12-02	20:35:55	2	0		6ff0100da6a0f8a99ad86006b642d4fb
1000	/home/broly/Desktop/security_repo/security-systems-and-cryptography/Assignment_5/src/encrypted/new_file_4.encrypt	2020-12-02	20:35:55	2	0		aa6a855833d2ad18451ea6df4503df29
1000	/home/broly/Desktop/security_repo/security-systems-and-cryptography/Assignment_5/src/encrypted/new_file_4.encrypt	2020-12-02	20:35:55	2	0		5c6d038ad050c2ae051076aacfc17fa1
1000	/home/broly/anaconda3/ssl/openssl.cnf	2020-12-02	20:35:55	1	0		fb92a2dab53f11f4f5f22adc5257b553
1000	/home/broly/Desktop/security_repo/security-systems-and-cryptography/Assignment_5/src/encrypted/new_file_4.encrypt	2020-12-02	20:35:55	1	0		5c6d038ad050c2ae051076aacfc17fa1
1000	/home/broly/Desktop/security_repo/security-systems-and-cryptography/Assignment_5/src/decrypted/new_file_4	2020-12-02	20:35:55	0	0		d41d8cd98f00b204e9800998ecf8427e
1000	/home/broly/Desktop/security_repo/security-systems-and-cryptography/Assignment_5/src/decrypted/new_file_4	2020-12-02	20:35:55	2	0		1355d3bfaeb5588e2cc9540e13d3aeef
1000	/home/broly/anaconda3/ssl/openssl.cnf	2020-12-02	20:35:55	1	0		fb92a2dab53f11f4f5f22adc5257b553
1000	/home/broly/Desktop/security_repo/security-systems-and-cryptography/Assignment_5/src/Userfiles/new_file_5	2020-12-02	20:35:55	1	0		1355d3bfaeb5588e2cc9540e13d3aeef
1000	/home/broly/Desktop/security_repo/security-systems-and-cryptography/Assignment_5/src/encrypted/new_file_5.encrypt	2020-12-02	20:35:55	0	0		d41d8cd98f00b204e9800998ecf8427e
1000	/home/broly/Desktop/security_repo/security-systems-and-cryptography/Assignment_5/src/encrypted/new_file_5.encrypt	2020-12-02	20:35:55	2	0		6ff0100da6a0f8a99ad86006b642d4fb
1000	/home/broly/Desktop/security_repo/security-systems-and-cryptography/Assignment_5/src/encrypted/new_file_5.encrypt	2020-12-02	20:35:55	2	0		c31536f48506312fc7c3faf764cec613
1000	/home/broly/Desktop/security_repo/security-systems-and-cryptography/Assignment_5/src/encrypted/new_file_5.encrypt	2020-12-02	20:35:55	2	0		e05682c8f0d499b9db34039db6720098
1000	/home/broly/anaconda3/ssl/openssl.cnf	2020-12-02	20:35:55	1	0		fb92a2dab53f11f4f5f22adc5257b553
1000	/home/broly/Desktop/security_repo/security-systems-and-cryptography/Assignment_5/src/encrypted/new_file_5.encrypt	2020-12-02	20:35:55	1	0		e05682c8f0d499b9db34039db6720098
1000	/home/broly/Desktop/security_repo/security-systems-and-cryptography/Assignment_5/src/decrypted/new_file_5	2020-12-02	20:35:55	0	0		d41d8cd98f00b204e9800998ecf8427e
1000	/home/broly/Desktop/security_repo/security-systems-and-cryptography/Assignment_5/src/decrypted/new_file_5	2020-12-02	20:35:55	2	0		1355d3bfaeb5588e2cc9540e13d3aeef
1000	/home/broly/anaconda3/ssl/openssl.cnf	2020-12-02	20:35:55	1	0		fb92a2dab53f11f4f5f22adc5257b553
1000	/home/broly/Desktop/security_repo/security-systems-and-cryptography/Assignment_5/src/Userfiles/new_file_6	2020-12-02	20:35:55	1	0		1355d3bfaeb5588e2cc9540e13d3aeef
1000	/home/broly/Desktop/security_repo/security-systems-and-cryptography/Assignment_5/src/encrypted/new_file_6.encrypt	2020-12-02	20:35:55	0	0		d41d8cd98f00b204e9800998ecf8427e
1000	/home/broly/Desktop/security_repo/security-systems-and-cryptography/Assignment_5/src/encrypted/new_file_6.encrypt	2020-12-02	20:35:55	2	0		6ff0100da6a0f8a99ad86006b642d4fb
1000	/home/broly/Desktop/security_repo/security-systems-and-cryptography/Assignment_5/src/encrypted/new_file_6.encrypt	2020-12-02	20:35:55	2	0		cd87fd44fa22084e9aa78a61184ea827
1000	/home/broly/Desktop/security_repo/security-systems-and-cryptography/Assignment_5/src/encrypted/new_file_6.encrypt	2020-12-02	20:35:55	2	0		7280a05b30ae593fe0b63b4b9dd171c0
1000	/home/broly/anaconda3/ssl/openssl.cnf	2020-12-02	20:35:55	1	0		fb92a2dab53f11f4f5f22adc5257b553
1000	/home/broly/Desktop/security_repo/security-systems-and-cryptography/Assignment_5/src/encrypted/new_file_6.encrypt	2020-12-02	20:35:55	1	0		7280a05b30ae593fe0b63b4b9dd171c0
1000	/home/broly/Desktop/security_repo/security-systems-and-cryptography/Assignment_5/src/decrypted/new_file_6	2020-12-02	20:35:55	0	0		d41d8cd98f00b204e9800998ecf8427e
1000	/home/broly/Desktop/security_repo/security-systems-and-cryptography/Assignment_5/src/decrypted/new_file_6	2020-12-02	20:35:55	2	0		1355d3bfaeb5588e2cc9540e13d3aeef
1000	/home/broly/anaconda3/ssl/openssl.cnf	2020-12-02	20:35:55	1	0		fb92a2dab53f11f4f5f22adc5257b553
1000	/home/broly/Desktop/security_repo/security-systems-and-cryptography/Assignment_5/src/Userfiles/new_file_7	2020-12-02	20:35:55	1	0		1355d3bfaeb5588e2cc9540e13d3aeef
1000	/home/broly/Desktop/security_repo/security-systems-and-cryptography/Assignment_5/src/encrypted/new_file_7.encrypt	2020-12-02	20:35:55	0	0		d41d8cd98f00b204e9800998ecf8427e
1000	/home/broly/Desktop/security_repo/security-systems-and-cryptography/Assignment_5/src/encrypted/new_file_7.encrypt	2020-12-02	20:35:55	2	0		6ff0100da6a0f8a99ad86006b642d4fb
1000	/home/broly/Desktop/security_repo/security-systems-and-cryptography/Assignment_5/src/encrypted/new_file_7.encrypt	2020-12-02	20:35:55	2	0		24dbb504480afc6a7365bcf8a14e2ea7
1000	/home/broly/Desktop/security_repo/security-systems-and-cryptography/Assignment_5/src/encrypted/new_file_7.encrypt	2020-12-02	20:35:55	2	0		de292608b81f3522e168a40f1bf5916d
1000	/home/broly/anaconda3/ssl/openssl.cnf	2020-12-02	20:35:55	1	0		fb92a2dab53f11f4f5f22adc5257b553
1000	/home/broly/Desktop/security_repo/security-systems-and-cryptography/Assignment_5/src/encrypted/new_file_7.encrypt	2020-12-02	20:35:55	1	0		de292608b81f3522e168a40f1bf5916d
1000	/home/broly/Desktop/security_repo/security-systems-and-cryptography/Assignment_5/src/decrypted/new_file_7	2020-12-02	20:35:55	0	0		d41d8cd98f00b204e9800998ecf8427e
1000	/home/broly/Desktop/security_repo/security-systems-and-cryptography/Assignment_5/src/decrypted/new_file_7	2020-12-02	20:35:55	2	0		1355d3bfaeb5588e2cc9540e13d3aeef
1000	/home/broly/anaconda3/ssl/openssl.cnf	2020-12-02	20:35:55	1	0		fb92a2dab53f11f4f5f22adc5257b553
1000	/home/broly/Desktop/security_repo/security-systems-and-cryptography/Assignment_5/src/Userfiles/new_file_8	2020-12-02	20:35:55	1	0		1355d3bfaeb5588e2cc9540e13d3aeef
1000	/home/broly/Desktop/security_repo/security-systems-and-cryptography/Assignment_5/src/encrypted/new_file_8.encrypt	2020-12-02	20:35:55	0	0		d41d8cd98f00b204e9800998ecf8427e
1000	/home/broly/Desktop/security_repo/security-systems-and-cryptography/Assignment_5/src/encrypted/new_file_8.encrypt	2020-12-02	20:35:55	2	0		6ff0100da6a0f8a99ad86006b642d4fb
1000	/home/broly/Desktop/security_repo/security-systems-and-cryptography/Assignment_5/src/encrypted/new_file_8.encrypt	2020-12-02	20:35:55	2	0		612143dddb94baac48b22fca9ca2b902
1000	/home/broly/Desktop/security_repo/security-systems-and-cryptography/Assignment_5/src/encrypted/new_file_8.encrypt	2020-12-02	20:35:55	2	0		1405577c534bcad29c2fb8086dff6467
1000	/home/broly/anaconda3/ssl/openssl.cnf	2020-12-02	20:35:55	1	0		fb92a2dab53f11f4f5f22adc5257b553
1000	/home/broly/Desktop/security_repo/security-systems-and-cryptography/Assignment_5/src/encrypted/new_file_8.encrypt	2020-12-02	20:35:55	1	0		1405577c534bcad29c2fb8086dff6467
1000	/home/broly/Desktop/security_repo/security-systems-and-cryptography/Assignment_5/src/decrypted/new_file_8	2020-12-02	20:35:55	0	0		d41d8cd98f00b204e9800998ecf8427e
1000	/home/broly/Desktop/security_repo/security-systems-and-cryptography/Assignment_5/src/decrypted/new_file_8	2020-12-02	20:35:55	2	0		1355d3bfaeb5588e2cc9540e13d3aeef
1000	/home/broly/anaconda3/ssl/openssl.cnf	2020-12-02	20:35:55	1	0		fb92a2dab53f11f4f5f22adc5257b553
1000	/home/broly/Desktop/security_repo/security-systems-and-cryptography/Assignment_5/src/Userfiles/new_file_9	2020-12-02	20:35:55	1	0		1355d3bfaeb5588e2cc9540e13d3aeef
1000	/home/broly/Desktop/security_repo/security-systems-and-cryptography/Assignment_5/src/encrypted/new_file_9.encrypt	2020-12-02	20:35:55	0	0		d41d8cd98f00b204e9800998ecf8427e
1000	/home/broly/Desktop/security_repo/security-systems-and-cryptography/Assignment_5/src/encrypted/new_file_9.encrypt	2020-12-02	20:35:55	2	0		6ff0100da6a0f8a99ad86006b642d4fb
1000	/home/broly/Desktop/security_repo/security-systems-and-cryptography/Assignment_5/src/encrypted/new_file_9.encrypt	2020-12-02	20:35:55	2	0		145568dc9747783c5c1c4b877820c079
1000	/home/broly/Desktop/security_repo/security-systems-and-cryptography/Assignment_5/src/encrypted/new_file_9.encrypt	2020-12-02	20:35:55	2	0		a627f636d01c063b69b69166220029eb
1000	/home/broly/anaconda3/ssl/openssl.cnf	2020-12-02	20:35:55	1	0		fb92a2dab53f11f4f5f22adc5257b553
1000	/home/broly/Desktop/security_repo/security-systems-and-cryptography/Assignment_5/src/encrypted/new_file_9.encrypt	2020-12-02	20:35:55	1	0		a627f636d01c063b69b69166220029eb
1000	/home/broly/Desktop/security_repo/security-systems-and-cryptography/Assignment_5/src/decrypted/new_file_9	2020-12-02	20:35:55	0	0		d41d8cd98f00b204e9800998ecf8427e
1000	/home/broly/Desktop/security_repo/security-systems-and-cryptography/Assignment_5/src/decrypted/new_file_9	2020-12-02	20:35:55	2	0		1355d3bfaeb5588e2cc9540e13d3aeef
